<?xml version="1.0" encoding="UTF-8"?>
<testng-results ignored="0" total="3" passed="3" failed="0" skipped="0">
  <reporter-output>
  </reporter-output>
  <suite started-at="2022-07-28T18:21:20 IST" name="Default suite" finished-at="2022-07-28T18:21:25 IST" duration-ms="4435">
    <groups>
    </groups>
    <test started-at="2022-07-28T18:21:20 IST" name="Default test" finished-at="2022-07-28T18:21:25 IST" duration-ms="4435">
      <class name="ExcelData">
        <test-method signature="addBook()[pri:0, instance:ExcelData@1e6454ec]" started-at="2022-07-28T18:21:20 IST" name="addBook" finished-at="2022-07-28T18:21:24 IST" duration-ms="3810" status="PASS">
          <reporter-output>
          </reporter-output>
        </test-method> <!-- addBook -->
        <test-method signature="getBook()[pri:0, instance:ExcelData@1e6454ec]" started-at="2022-07-28T18:21:24 IST" name="getBook" finished-at="2022-07-28T18:21:24 IST" duration-ms="425" status="PASS">
          <reporter-output>
          </reporter-output>
        </test-method> <!-- getBook -->
        <test-method signature="deleteBook()[pri:0, instance:ExcelData@1e6454ec]" started-at="2022-07-28T18:21:24 IST" name="deleteBook" finished-at="2022-07-28T18:21:25 IST" depends-on-methods="ExcelData.getBook" duration-ms="136" status="PASS">
          <reporter-output>
          </reporter-output>
        </test-method> <!-- deleteBook -->
      </class> <!-- ExcelData -->
    </test> <!-- Default test -->
  </suite> <!-- Default suite -->
</testng-results>
